<?xml version="1.0" encoding="UTF-8"?>
<!-- Generated by org.testng.reporters.JUnitXMLReporter -->
<testsuite ignored="8" hostname="DESKTOP-E3FNQHB" failures="0" tests="6" name="Test 1" time="76.727" errors="0" timestamp="2022-08-30T13:08:01 IST">
  <testcase classname="com.project.test.Test_login_001" name="logitest" time="3.614"/>
  <testcase classname="com.project.test.Test_commonpage_001" name="commontest" time="1.017"/>
  <testcase classname="com.project.test.Test_job_001" name="addjobtest" time="14.364"/>
  <testcase classname="com.project.test.Test_paygrades_001" name="paygradestest" time="15.633"/>
  <testcase classname="com.project.test.Test_employment_001" name="employmenttest" time="13.967"/>
  <testcase classname="com.project.test.Test_jobcategories_001" name="jobcategoriesTest" time="17.56"/>
  <testcase classname="com.project.base.baseclass" name="@BeforeTest setup" time="0.0">
    <ignored/>
  </testcase> <!-- @BeforeTest setup -->
  <testcase classname="com.project.base.baseclass" name="@BeforeTest setup" time="0.0">
    <ignored/>
  </testcase> <!-- @BeforeTest setup -->
  <testcase classname="com.project.base.baseclass" name="@BeforeTest setup" time="0.0">
    <ignored/>
  </testcase> <!-- @BeforeTest setup -->
  <testcase classname="com.project.base.baseclass" name="@BeforeTest setup" time="0.0">
    <ignored/>
  </testcase> <!-- @BeforeTest setup -->
  <testcase classname="com.project.base.baseclass" name="@AfterTest teardown" time="0.0">
    <ignored/>
  </testcase> <!-- @AfterTest teardown -->
  <testcase classname="com.project.base.baseclass" name="@AfterTest teardown" time="0.0">
    <ignored/>
  </testcase> <!-- @AfterTest teardown -->
  <testcase classname="com.project.base.baseclass" name="@AfterTest teardown" time="0.0">
    <ignored/>
  </testcase> <!-- @AfterTest teardown -->
  <testcase classname="com.project.base.baseclass" name="@AfterTest teardown" time="0.0">
    <ignored/>
  </testcase> <!-- @AfterTest teardown -->
</testsuite> <!-- Test 1 -->
