<?xml version="1.0" encoding="UTF-8"?>
<!-- Generated by org.testng.reporters.JUnitXMLReporter -->
<testsuite ignored="8" hostname="DESKTOP-E3FNQHB" failures="0" tests="6" name="Test2" time="99.402" errors="0" timestamp="2022-08-30T11:19:22 IST">
  <testcase classname="com.project.test.Test_login_001" name="logitest" time="4.317"/>
  <testcase classname="com.project.test.Test_commonpage_001" name="commontest" time="1.099"/>
  <testcase classname="com.project.test.Test_job_001" name="addjobtest" time="14.728"/>
  <testcase classname="com.project.test.Test_paygrades_001" name="paygradestest" time="30.06"/>
  <testcase classname="com.project.test.Test_employment_001" name="employmenttest" time="14.025"/>
  <testcase classname="com.project.test.Test_jobcategories_001" name="jobcategoriesTest" time="17.407"/>
  <testcase classname="com.project.base.baseclass" name="@BeforeTest setup" time="0.0">
    <ignored/>
  </testcase> <!-- @BeforeTest setup -->
  <testcase classname="com.project.base.baseclass" name="@BeforeTest setup" time="0.0">
    <ignored/>
  </testcase> <!-- @BeforeTest setup -->
  <testcase classname="com.project.base.baseclass" name="@BeforeTest setup" time="0.0">
    <ignored/>
  </testcase> <!-- @BeforeTest setup -->
  <testcase classname="com.project.base.baseclass" name="@BeforeTest setup" time="0.0">
    <ignored/>
  </testcase> <!-- @BeforeTest setup -->
  <testcase classname="com.project.base.baseclass" name="@AfterTest teardown" time="0.0">
    <ignored/>
  </testcase> <!-- @AfterTest teardown -->
  <testcase classname="com.project.base.baseclass" name="@AfterTest teardown" time="0.0">
    <ignored/>
  </testcase> <!-- @AfterTest teardown -->
  <testcase classname="com.project.base.baseclass" name="@AfterTest teardown" time="0.0">
    <ignored/>
  </testcase> <!-- @AfterTest teardown -->
  <testcase classname="com.project.base.baseclass" name="@AfterTest teardown" time="0.0">
    <ignored/>
  </testcase> <!-- @AfterTest teardown -->
</testsuite> <!-- Test2 -->
