<?xml version="1.0" encoding="UTF-8"?>
<!-- Generated by org.testng.reporters.JUnitXMLReporter -->
<testsuite ignored="2" hostname="DESKTOP-E3FNQHB" failures="0" tests="3" name="Test" time="38.729" errors="0" timestamp="2022-08-27T14:48:17 IST">
  <testcase classname="com.project.test.Test_login_001" name="logitest" time="3.856"/>
  <testcase classname="com.project.test.Test_commonpage_001" name="commontest" time="0.955"/>
  <testcase classname="com.project.test.Test_job_001" name="addjobtest" time="14.294"/>
  <testcase classname="com.project.base.baseclass" name="@BeforeTest setup" time="0.0">
    <ignored/>
  </testcase> <!-- @BeforeTest setup -->
  <testcase classname="com.project.base.baseclass" name="@AfterTest teardown" time="0.0">
    <ignored/>
  </testcase> <!-- @AfterTest teardown -->
</testsuite> <!-- Test -->
