<?xml version="1.0" encoding="UTF-8"?>
<!-- Generated by org.testng.reporters.JUnitXMLReporter -->
<testsuite ignored="2" hostname="DESKTOP-E3FNQHB" failures="1" tests="5" name="Test 2" time="57.458" errors="0" timestamp="2022-10-21T16:37:26 IST">
  <testcase classname="com.project.test.Test_login_001" name="logitest" time="4.958"/>
  <testcase classname="com.project.test.Test_commonpage_001" name="commontest" time="0.894"/>
  <testcase classname="com.project.test.Test_oraganiztion_001" name="Structuretest" time="0.002">
    <failure type="java.lang.NullPointerException" message="Cannot invoke &amp;quot;com.project.page.Oraganiztion.oraganiztions()&amp;quot; because &amp;quot;this.or&amp;quot; is null">
      <![CDATA[java.lang.NullPointerException: Cannot invoke "com.project.page.Oraganiztion.oraganiztions()" because "this.or" is null
at com.project.test.Test_oraganiztion_001.Structuretest(Test_oraganiztion_001.java:66)
at java.base/java.util.ArrayList.forEach(ArrayList.java:1511)
... Removed 27 stack frames]]>
    </failure>
  </testcase> <!-- Structuretest -->
  <testcase classname="com.project.test.Test_oraganiztion_001" name="generalTest" time="8.534"/>
  <testcase classname="com.project.test.Test_oraganiztion_001" name="locationtest" time="18.765"/>
  <testcase classname="com.project.base.baseclass" name="@BeforeTest setup" time="0.0">
    <ignored/>
  </testcase> <!-- @BeforeTest setup -->
  <testcase classname="com.project.base.baseclass" name="@AfterTest teardown" time="0.0">
    <ignored/>
  </testcase> <!-- @AfterTest teardown -->
</testsuite> <!-- Test 2 -->
