<?xml version="1.0" encoding="UTF-8"?>
<!-- Generated by org.testng.reporters.JUnitXMLReporter -->
<testsuite ignored="10" hostname="DESKTOP-E3FNQHB" failures="0" tests="7" name="Test 1" time="104.625" errors="0" timestamp="2022-10-21T16:36:28 IST">
  <testcase classname="com.project.test.Test_login_001" name="logitest" time="3.924"/>
  <testcase classname="com.project.test.Test_commonpage_001" name="commontest" time="0.906"/>
  <testcase classname="com.project.test.Test_job_001" name="addjobtest" time="14.634"/>
  <testcase classname="com.project.test.Test_paygrades_001" name="paygradestest" time="15.094"/>
  <testcase classname="com.project.test.Test_employment_001" name="employmenttest" time="14.019"/>
  <testcase classname="com.project.test.Test_jobcategories_001" name="jobcategoriesTest" time="17.086"/>
  <testcase classname="com.project.test.Test_workshift_001" name="workshiftTest" time="23.521"/>
  <testcase classname="com.project.base.baseclass" name="@BeforeTest setup" time="0.0">
    <ignored/>
  </testcase> <!-- @BeforeTest setup -->
  <testcase classname="com.project.base.baseclass" name="@BeforeTest setup" time="0.0">
    <ignored/>
  </testcase> <!-- @BeforeTest setup -->
  <testcase classname="com.project.base.baseclass" name="@BeforeTest setup" time="0.0">
    <ignored/>
  </testcase> <!-- @BeforeTest setup -->
  <testcase classname="com.project.base.baseclass" name="@BeforeTest setup" time="0.0">
    <ignored/>
  </testcase> <!-- @BeforeTest setup -->
  <testcase classname="com.project.base.baseclass" name="@BeforeTest setup" time="0.0">
    <ignored/>
  </testcase> <!-- @BeforeTest setup -->
  <testcase classname="com.project.base.baseclass" name="@AfterTest teardown" time="0.0">
    <ignored/>
  </testcase> <!-- @AfterTest teardown -->
  <testcase classname="com.project.base.baseclass" name="@AfterTest teardown" time="0.0">
    <ignored/>
  </testcase> <!-- @AfterTest teardown -->
  <testcase classname="com.project.base.baseclass" name="@AfterTest teardown" time="0.0">
    <ignored/>
  </testcase> <!-- @AfterTest teardown -->
  <testcase classname="com.project.base.baseclass" name="@AfterTest teardown" time="0.0">
    <ignored/>
  </testcase> <!-- @AfterTest teardown -->
  <testcase classname="com.project.base.baseclass" name="@AfterTest teardown" time="0.0">
    <ignored/>
  </testcase> <!-- @AfterTest teardown -->
</testsuite> <!-- Test 1 -->
