<?xml version="1.0" encoding="UTF-8"?>
<!-- Generated by org.testng.reporters.JUnitXMLReporter -->
<testsuite ignored="2" hostname="DESKTOP-E3FNQHB" failures="0" tests="3" name="Test 2" time="20.502" errors="0" timestamp="2022-09-09T10:56:50 IST">
  <testcase classname="com.project.test.Test_login_001" name="logitest" time="3.329"/>
  <testcase classname="com.project.test.Test_commonpage_001" name="commontest" time="0.772"/>
  <testcase classname="com.project.test.Test_oraganiztion_001" name="generalTest" time="7.538"/>
  <testcase classname="com.project.base.baseclass" name="@BeforeTest setup" time="0.0">
    <ignored/>
  </testcase> <!-- @BeforeTest setup -->
  <testcase classname="com.project.base.baseclass" name="@AfterTest teardown" time="0.0">
    <ignored/>
  </testcase> <!-- @AfterTest teardown -->
</testsuite> <!-- Test 2 -->
