<?xml version="1.0" encoding="UTF-8"?>
<!-- Generated by org.testng.reporters.JUnitXMLReporter -->
<testsuite ignored="10" hostname="DESKTOP-E3FNQHB" failures="0" tests="7" name="Test 1" time="96.168" errors="0" timestamp="2022-09-09T10:56:29 IST">
  <testcase classname="com.project.test.Test_login_001" name="logitest" time="3.316"/>
  <testcase classname="com.project.test.Test_commonpage_001" name="commontest" time="0.799"/>
  <testcase classname="com.project.test.Test_job_001" name="addjobtest" time="14.022"/>
  <testcase classname="com.project.test.Test_paygrades_001" name="paygradestest" time="14.374"/>
  <testcase classname="com.project.test.Test_employment_001" name="employmenttest" time="13.571"/>
  <testcase classname="com.project.test.Test_jobcategories_001" name="jobcategoriesTest" time="16.609"/>
  <testcase classname="com.project.test.Test_workshift_001" name="workshiftTest" time="22.899"/>
  <testcase classname="com.project.base.baseclass" name="@BeforeTest setup" time="0.0">
    <ignored/>
  </testcase> <!-- @BeforeTest setup -->
  <testcase classname="com.project.base.baseclass" name="@BeforeTest setup" time="0.0">
    <ignored/>
  </testcase> <!-- @BeforeTest setup -->
  <testcase classname="com.project.base.baseclass" name="@BeforeTest setup" time="0.0">
    <ignored/>
  </testcase> <!-- @BeforeTest setup -->
  <testcase classname="com.project.base.baseclass" name="@BeforeTest setup" time="0.0">
    <ignored/>
  </testcase> <!-- @BeforeTest setup -->
  <testcase classname="com.project.base.baseclass" name="@BeforeTest setup" time="0.0">
    <ignored/>
  </testcase> <!-- @BeforeTest setup -->
  <testcase classname="com.project.base.baseclass" name="@AfterTest teardown" time="0.0">
    <ignored/>
  </testcase> <!-- @AfterTest teardown -->
  <testcase classname="com.project.base.baseclass" name="@AfterTest teardown" time="0.0">
    <ignored/>
  </testcase> <!-- @AfterTest teardown -->
  <testcase classname="com.project.base.baseclass" name="@AfterTest teardown" time="0.0">
    <ignored/>
  </testcase> <!-- @AfterTest teardown -->
  <testcase classname="com.project.base.baseclass" name="@AfterTest teardown" time="0.0">
    <ignored/>
  </testcase> <!-- @AfterTest teardown -->
  <testcase classname="com.project.base.baseclass" name="@AfterTest teardown" time="0.0">
    <ignored/>
  </testcase> <!-- @AfterTest teardown -->
</testsuite> <!-- Test 1 -->
