<?xml version="1.0" encoding="UTF-8"?>
<testng-results ignored="12" total="22" passed="10" failed="0" skipped="0">
  <reporter-output>
  </reporter-output>
  <suite started-at="2022-09-09T10:54:53 IST" name="Suite" finished-at="2022-09-09T10:56:50 IST" duration-ms="116909">
    <groups>
    </groups>
    <test started-at="2022-09-09T10:54:53 IST" name="Test 1" finished-at="2022-09-09T10:56:29 IST" duration-ms="96168">
      <class name="com.project.test.Test_workshift_001">
        <test-method signature="workshiftTest()[pri:0, instance:com.project.test.Test_workshift_001@393671df]" started-at="2022-09-09T10:56:01 IST" name="workshiftTest" finished-at="2022-09-09T10:56:24 IST" duration-ms="22899" status="PASS">
          <reporter-output>
          </reporter-output>
        </test-method> <!-- workshiftTest -->
      </class> <!-- com.project.test.Test_workshift_001 -->
      <class name="com.project.test.Test_paygrades_001">
        <test-method signature="paygradestest()[pri:0, instance:com.project.test.Test_paygrades_001@1dde4cb2]" started-at="2022-09-09T10:55:16 IST" name="paygradestest" finished-at="2022-09-09T10:55:31 IST" duration-ms="14374" status="PASS">
          <reporter-output>
          </reporter-output>
        </test-method> <!-- paygradestest -->
      </class> <!-- com.project.test.Test_paygrades_001 -->
      <class name="com.project.test.Test_job_001">
        <test-method signature="addjobtest()[pri:0, instance:com.project.test.Test_job_001@3835c46]" started-at="2022-09-09T10:55:02 IST" name="addjobtest" finished-at="2022-09-09T10:55:16 IST" duration-ms="14022" status="PASS">
          <reporter-output>
          </reporter-output>
        </test-method> <!-- addjobtest -->
      </class> <!-- com.project.test.Test_job_001 -->
      <class name="com.project.test.Test_employment_001">
        <test-method signature="employmenttest()[pri:0, instance:com.project.test.Test_employment_001@7714e963]" started-at="2022-09-09T10:55:31 IST" name="employmenttest" finished-at="2022-09-09T10:55:44 IST" duration-ms="13571" status="PASS">
          <reporter-output>
          </reporter-output>
        </test-method> <!-- employmenttest -->
      </class> <!-- com.project.test.Test_employment_001 -->
      <class name="com.project.test.Test_jobcategories_001">
        <test-method signature="jobcategoriesTest()[pri:0, instance:com.project.test.Test_jobcategories_001@20ce78ec]" started-at="2022-09-09T10:55:44 IST" name="jobcategoriesTest" finished-at="2022-09-09T10:56:01 IST" duration-ms="16609" status="PASS">
          <reporter-output>
          </reporter-output>
        </test-method> <!-- jobcategoriesTest -->
      </class> <!-- com.project.test.Test_jobcategories_001 -->
      <class name="com.project.test.Test_login_001">
        <test-method is-config="true" signature="setup(java.lang.String)[pri:0, instance:com.project.test.Test_login_001@61df66b6]" started-at="2022-09-09T10:54:53 IST" name="setup" finished-at="2022-09-09T10:54:58 IST" duration-ms="5518" status="PASS">
          <params>
            <param index="0">
              <value>
                <![CDATA[chrome]]>
              </value>
            </param>
          </params>
          <reporter-output>
          </reporter-output>
        </test-method> <!-- setup -->
        <test-method signature="logitest()[pri:0, instance:com.project.test.Test_login_001@61df66b6]" started-at="2022-09-09T10:54:58 IST" name="logitest" finished-at="2022-09-09T10:55:02 IST" duration-ms="3316" status="PASS">
          <reporter-output>
          </reporter-output>
        </test-method> <!-- logitest -->
        <test-method is-config="true" signature="teardown()[pri:0, instance:com.project.test.Test_login_001@61df66b6]" started-at="2022-09-09T10:56:24 IST" name="teardown" finished-at="2022-09-09T10:56:29 IST" duration-ms="5041" status="PASS">
          <reporter-output>
          </reporter-output>
        </test-method> <!-- teardown -->
      </class> <!-- com.project.test.Test_login_001 -->
      <class name="com.project.test.Test_commonpage_001">
        <test-method signature="commontest()[pri:0, instance:com.project.test.Test_commonpage_001@20deea7f]" started-at="2022-09-09T10:55:02 IST" name="commontest" finished-at="2022-09-09T10:55:02 IST" duration-ms="799" status="PASS">
          <reporter-output>
          </reporter-output>
        </test-method> <!-- commontest -->
      </class> <!-- com.project.test.Test_commonpage_001 -->
    </test> <!-- Test 1 -->
    <test started-at="2022-09-09T10:56:29 IST" name="Test 2" finished-at="2022-09-09T10:56:50 IST" duration-ms="20502">
      <class name="com.project.test.Test_login_001">
        <test-method is-config="true" signature="setup(java.lang.String)[pri:0, instance:com.project.test.Test_login_001@245b4bdc]" started-at="2022-09-09T10:56:29 IST" name="setup" finished-at="2022-09-09T10:56:33 IST" duration-ms="3818" status="PASS">
          <params>
            <param index="0">
              <value>
                <![CDATA[chrome]]>
              </value>
            </param>
          </params>
          <reporter-output>
          </reporter-output>
        </test-method> <!-- setup -->
        <test-method signature="logitest()[pri:0, instance:com.project.test.Test_login_001@245b4bdc]" started-at="2022-09-09T10:56:33 IST" name="logitest" finished-at="2022-09-09T10:56:36 IST" duration-ms="3329" status="PASS">
          <reporter-output>
          </reporter-output>
        </test-method> <!-- logitest -->
        <test-method is-config="true" signature="teardown()[pri:0, instance:com.project.test.Test_login_001@245b4bdc]" started-at="2022-09-09T10:56:45 IST" name="teardown" finished-at="2022-09-09T10:56:50 IST" duration-ms="5043" status="PASS">
          <reporter-output>
          </reporter-output>
        </test-method> <!-- teardown -->
      </class> <!-- com.project.test.Test_login_001 -->
      <class name="com.project.test.Test_commonpage_001">
        <test-method signature="commontest()[pri:0, instance:com.project.test.Test_commonpage_001@6c64cb25]" started-at="2022-09-09T10:56:36 IST" name="commontest" finished-at="2022-09-09T10:56:37 IST" duration-ms="772" status="PASS">
          <reporter-output>
          </reporter-output>
        </test-method> <!-- commontest -->
      </class> <!-- com.project.test.Test_commonpage_001 -->
      <class name="com.project.test.Test_oraganiztion_001">
        <test-method signature="generalTest()[pri:0, instance:com.project.test.Test_oraganiztion_001@6ae5aa72]" started-at="2022-09-09T10:56:37 IST" name="generalTest" finished-at="2022-09-09T10:56:45 IST" duration-ms="7538" status="PASS">
          <reporter-output>
          </reporter-output>
        </test-method> <!-- generalTest -->
      </class> <!-- com.project.test.Test_oraganiztion_001 -->
    </test> <!-- Test 2 -->
  </suite> <!-- Suite -->
</testng-results>
