<?xml version="1.0" encoding="UTF-8"?>
<testsuite xmlns:xsi="http://www.w3.org/2001/XMLSchema-instance" xsi:noNamespaceSchemaLocation="https://maven.apache.org/surefire/maven-surefire-plugin/xsd/surefire-test-report-3.0.xsd" version="3.0" name="TestSuite" time="117.54" tests="10" errors="0" skipped="0" failures="0">
  <properties>
[...]
</properties>
  <testcase name="logitest" classname="com.project.test.Test_login_001" time="3.194">
    <system-out><![CDATA[ INFO [main] (Test_login_001.java:18)- login successfully
]]></system-out>
    <system-err><![CDATA[SLF4J: Failed to load class "org.slf4j.impl.StaticLoggerBinder".
SLF4J: Defaulting to no-operation (NOP) logger implementation
SLF4J: See http://www.slf4j.org/codes.html#StaticLoggerBinder for further details.
Starting ChromeDriver 105.0.5195.52 (412c95e518836d8a7d97250d62b29c2ae6a26a85-refs/branch-heads/5195@{#853}) on port 54158
Only local connections are allowed.
Please see https://chromedriver.chromium.org/security-considerations for suggestions on keeping ChromeDriver safe.
ChromeDriver was started successfully.
Sep 09, 2022 10:54:55 AM org.openqa.selenium.remote.ProtocolHandshake createSession
INFO: Detected upstream dialect: W3C
Sep 09, 2022 10:54:56 AM org.openqa.selenium.devtools.CdpVersionFinder findNearestMatch
WARNING: Unable to find an exact match for CDP version 105, so returning the closest version found: 102
Sep 09, 2022 10:54:56 AM org.openqa.selenium.devtools.CdpVersionFinder findNearestMatch
INFO: Found CDP implementation for version 105 of 102
]]></system-err>
  </testcase>
  <testcase name="logitest" classname="com.project.test.Test_login_001" time="3.33">
    <system-out><![CDATA[ INFO [main] (Test_login_001.java:18)- login successfully
]]></system-out>
    <system-err><![CDATA[Sep 09, 2022 10:56:29 AM org.openqa.selenium.remote.http.WebSocket$Listener onError
WARNING: Connection reset
java.net.SocketException: Connection reset
	at java.base/sun.nio.ch.SocketChannelImpl.throwConnectionReset(SocketChannelImpl.java:394)
	at java.base/sun.nio.ch.SocketChannelImpl.read(SocketChannelImpl.java:426)
	at io.netty.buffer.PooledByteBuf.setBytes(PooledByteBuf.java:258)
	at io.netty.buffer.AbstractByteBuf.writeBytes(AbstractByteBuf.java:1132)
	at io.netty.channel.socket.nio.NioSocketChannel.doReadBytes(NioSocketChannel.java:357)
	at io.netty.channel.nio.AbstractNioByteChannel$NioByteUnsafe.read(AbstractNioByteChannel.java:151)
	at io.netty.channel.nio.NioEventLoop.processSelectedKey(NioEventLoop.java:722)
	at io.netty.channel.nio.NioEventLoop.processSelectedKeysOptimized(NioEventLoop.java:658)
	at io.netty.channel.nio.NioEventLoop.processSelectedKeys(NioEventLoop.java:584)
	at io.netty.channel.nio.NioEventLoop.run(NioEventLoop.java:496)
	at io.netty.util.concurrent.SingleThreadEventExecutor$4.run(SingleThreadEventExecutor.java:995)
	at io.netty.util.internal.ThreadExecutorMap$2.run(ThreadExecutorMap.java:74)
	at io.netty.util.concurrent.FastThreadLocalRunnable.run(FastThreadLocalRunnable.java:30)
	at java.base/java.lang.Thread.run(Thread.java:833)

Starting ChromeDriver 105.0.5195.52 (412c95e518836d8a7d97250d62b29c2ae6a26a85-refs/branch-heads/5195@{#853}) on port 63815
Only local connections are allowed.
Please see https://chromedriver.chromium.org/security-considerations for suggestions on keeping ChromeDriver safe.
ChromeDriver was started successfully.
Sep 09, 2022 10:56:30 AM org.openqa.selenium.remote.ProtocolHandshake createSession
INFO: Detected upstream dialect: W3C
Sep 09, 2022 10:56:30 AM org.openqa.selenium.devtools.CdpVersionFinder findNearestMatch
WARNING: Unable to find an exact match for CDP version 105, so returning the closest version found: 102
Sep 09, 2022 10:56:30 AM org.openqa.selenium.devtools.CdpVersionFinder findNearestMatch
INFO: Found CDP implementation for version 105 of 102
]]></system-err>
  </testcase>
  <testcase name="commontest" classname="com.project.test.Test_commonpage_001" time="0.799"/>
  <testcase name="commontest" classname="com.project.test.Test_commonpage_001" time="0.772"/>
  <testcase name="addjobtest" classname="com.project.test.Test_job_001" time="14.023">
    <system-out><![CDATA[ INFO [main] (Test_job_001.java:25)- job title successfully saved
]]></system-out>
  </testcase>
  <testcase name="paygradestest" classname="com.project.test.Test_paygrades_001" time="14.374">
    <system-out><![CDATA[160
]]></system-out>
  </testcase>
  <testcase name="employmenttest" classname="com.project.test.Test_employment_001" time="13.57">
    <system-out><![CDATA[ INFO [main] (Test_employment_001.java:29)- employment status successfully saved
]]></system-out>
  </testcase>
  <testcase name="jobcategoriesTest" classname="com.project.test.Test_jobcategories_001" time="16.609">
    <system-out><![CDATA[ INFO [main] (Test_jobcategories_001.java:27)- job categories successfully saved
]]></system-out>
  </testcase>
  <testcase name="workshiftTest" classname="com.project.test.Test_workshift_001" time="22.899">
    <system-out><![CDATA[total Duration time 7.25
 INFO [main] (Test_workshift_001.java:35)- wrokshift successfully saved
]]></system-out>
  </testcase>
  <testcase name="generalTest" classname="com.project.test.Test_oraganiztion_001" time="7.536"/>
</testsuite>