<?xml version="1.0" encoding="UTF-8"?>
<testng-results ignored="12" total="22" passed="9" failed="1" skipped="0">
  <reporter-output>
  </reporter-output>
  <suite started-at="2022-09-01T10:31:33 IST" name="Suite" finished-at="2022-09-01T10:33:42 IST" duration-ms="129076">
    <groups>
    </groups>
    <test started-at="2022-09-01T10:31:33 IST" name="Test 1" finished-at="2022-09-01T10:33:19 IST" duration-ms="106382">
      <class name="com.project.test.Test_workshift_001">
        <test-method signature="workshiftTest()[pri:0, instance:com.project.test.Test_workshift_001@393671df]" started-at="2022-09-01T10:32:51 IST" name="workshiftTest" finished-at="2022-09-01T10:33:14 IST" duration-ms="23280" status="PASS">
          <reporter-output>
          </reporter-output>
        </test-method> <!-- workshiftTest -->
      </class> <!-- com.project.test.Test_workshift_001 -->
      <class name="com.project.test.Test_paygrades_001">
        <test-method signature="paygradestest()[pri:0, instance:com.project.test.Test_paygrades_001@1dde4cb2]" started-at="2022-09-01T10:32:05 IST" name="paygradestest" finished-at="2022-09-01T10:32:20 IST" duration-ms="14779" status="PASS">
          <reporter-output>
          </reporter-output>
        </test-method> <!-- paygradestest -->
      </class> <!-- com.project.test.Test_paygrades_001 -->
      <class name="com.project.test.Test_job_001">
        <test-method signature="addjobtest()[pri:0, instance:com.project.test.Test_job_001@3835c46]" started-at="2022-09-01T10:31:50 IST" name="addjobtest" finished-at="2022-09-01T10:32:05 IST" duration-ms="14638" status="PASS">
          <reporter-output>
          </reporter-output>
        </test-method> <!-- addjobtest -->
      </class> <!-- com.project.test.Test_job_001 -->
      <class name="com.project.test.Test_employment_001">
        <test-method signature="employmenttest()[pri:0, instance:com.project.test.Test_employment_001@7714e963]" started-at="2022-09-01T10:32:20 IST" name="employmenttest" finished-at="2022-09-01T10:32:34 IST" duration-ms="14104" status="PASS">
          <reporter-output>
          </reporter-output>
        </test-method> <!-- employmenttest -->
      </class> <!-- com.project.test.Test_employment_001 -->
      <class name="com.project.test.Test_jobcategories_001">
        <test-method signature="jobcategoriesTest()[pri:0, instance:com.project.test.Test_jobcategories_001@20ce78ec]" started-at="2022-09-01T10:32:34 IST" name="jobcategoriesTest" finished-at="2022-09-01T10:32:51 IST" duration-ms="17012" status="PASS">
          <reporter-output>
          </reporter-output>
        </test-method> <!-- jobcategoriesTest -->
      </class> <!-- com.project.test.Test_jobcategories_001 -->
      <class name="com.project.test.Test_login_001">
        <test-method is-config="true" signature="setup(java.lang.String)[pri:0, instance:com.project.test.Test_login_001@61df66b6]" started-at="2022-09-01T10:31:33 IST" name="setup" finished-at="2022-09-01T10:31:46 IST" duration-ms="12882" status="PASS">
          <params>
            <param index="0">
              <value>
                <![CDATA[chrome]]>
              </value>
            </param>
          </params>
          <reporter-output>
          </reporter-output>
        </test-method> <!-- setup -->
        <test-method signature="logitest()[pri:0, instance:com.project.test.Test_login_001@61df66b6]" started-at="2022-09-01T10:31:46 IST" name="logitest" finished-at="2022-09-01T10:31:49 IST" duration-ms="3625" status="PASS">
          <reporter-output>
          </reporter-output>
        </test-method> <!-- logitest -->
        <test-method is-config="true" signature="teardown()[pri:0, instance:com.project.test.Test_login_001@61df66b6]" started-at="2022-09-01T10:33:14 IST" name="teardown" finished-at="2022-09-01T10:33:19 IST" duration-ms="5010" status="PASS">
          <reporter-output>
          </reporter-output>
        </test-method> <!-- teardown -->
      </class> <!-- com.project.test.Test_login_001 -->
      <class name="com.project.test.Test_commonpage_001">
        <test-method signature="commontest()[pri:0, instance:com.project.test.Test_commonpage_001@20deea7f]" started-at="2022-09-01T10:31:49 IST" name="commontest" finished-at="2022-09-01T10:31:50 IST" duration-ms="1000" status="PASS">
          <reporter-output>
          </reporter-output>
        </test-method> <!-- commontest -->
      </class> <!-- com.project.test.Test_commonpage_001 -->
    </test> <!-- Test 1 -->
    <test started-at="2022-09-01T10:33:19 IST" name="Test 2" finished-at="2022-09-01T10:33:42 IST" duration-ms="22398">
      <class name="com.project.test.Test_login_001">
        <test-method is-config="true" signature="setup(java.lang.String)[pri:0, instance:com.project.test.Test_login_001@245b4bdc]" started-at="2022-09-01T10:33:19 IST" name="setup" finished-at="2022-09-01T10:33:30 IST" duration-ms="10424" status="PASS">
          <params>
            <param index="0">
              <value>
                <![CDATA[chrome]]>
              </value>
            </param>
          </params>
          <reporter-output>
          </reporter-output>
        </test-method> <!-- setup -->
        <test-method signature="logitest()[pri:0, instance:com.project.test.Test_login_001@245b4bdc]" started-at="2022-09-01T10:33:30 IST" name="logitest" finished-at="2022-09-01T10:33:34 IST" duration-ms="3949" status="PASS">
          <reporter-output>
          </reporter-output>
        </test-method> <!-- logitest -->
        <test-method is-config="true" signature="teardown()[pri:0, instance:com.project.test.Test_login_001@245b4bdc]" started-at="2022-09-01T10:33:37 IST" name="teardown" finished-at="2022-09-01T10:33:42 IST" duration-ms="5011" status="PASS">
          <reporter-output>
          </reporter-output>
        </test-method> <!-- teardown -->
      </class> <!-- com.project.test.Test_login_001 -->
      <class name="com.project.test.Test_commonpage_001">
        <test-method signature="commontest()[pri:0, instance:com.project.test.Test_commonpage_001@6c64cb25]" started-at="2022-09-01T10:33:34 IST" name="commontest" finished-at="2022-09-01T10:33:35 IST" duration-ms="945" status="PASS">
          <reporter-output>
          </reporter-output>
        </test-method> <!-- commontest -->
      </class> <!-- com.project.test.Test_commonpage_001 -->
      <class name="com.project.test.Test_oraganiztion_001">
        <test-method signature="generalTest()[pri:0, instance:com.project.test.Test_oraganiztion_001@6ae5aa72]" started-at="2022-09-01T10:33:35 IST" name="generalTest" finished-at="2022-09-01T10:33:37 IST" duration-ms="1813" status="FAIL">
          <exception class="org.openqa.selenium.support.ui.UnexpectedTagNameException">
            <message>
              <![CDATA[Element should have been "select" but was "div"
Build info: version: '4.2.1', revision: 'ac4d0fdd4a'
System info: host: 'DESKTOP-E3FNQHB', ip: '192.168.1.17', os.name: 'Windows 11', os.arch: 'amd64', os.version: '10.0', java.version: '17.0.3.1'
Driver info: driver.version: unknown]]>
            </message>
            <full-stacktrace>
              <![CDATA[org.openqa.selenium.support.ui.UnexpectedTagNameException: Element should have been "select" but was "div"
Build info: version: '4.2.1', revision: 'ac4d0fdd4a'
System info: host: 'DESKTOP-E3FNQHB', ip: '192.168.1.17', os.name: 'Windows 11', os.arch: 'amd64', os.version: '10.0', java.version: '17.0.3.1'
Driver info: driver.version: unknown
at org.openqa.selenium.support.ui.Select.<init>(Select.java:49)
at com.project.page.Oraganiztion.country(Oraganiztion.java:80)
at com.project.test.Test_oraganiztion_001.generalTest(Test_oraganiztion_001.java:22)
at java.base/jdk.internal.reflect.NativeMethodAccessorImpl.invoke0(Native Method)
at java.base/jdk.internal.reflect.NativeMethodAccessorImpl.invoke(NativeMethodAccessorImpl.java:77)
at java.base/jdk.internal.reflect.DelegatingMethodAccessorImpl.invoke(DelegatingMethodAccessorImpl.java:43)
at java.base/java.lang.reflect.Method.invoke(Method.java:568)
at org.testng.internal.MethodInvocationHelper.invokeMethod(MethodInvocationHelper.java:133)
at org.testng.internal.TestInvoker.invokeMethod(TestInvoker.java:598)
at org.testng.internal.TestInvoker.invokeTestMethod(TestInvoker.java:173)
at org.testng.internal.MethodRunner.runInSequence(MethodRunner.java:46)
at org.testng.internal.TestInvoker$MethodInvocationAgent.invoke(TestInvoker.java:824)
at org.testng.internal.TestInvoker.invokeTestMethods(TestInvoker.java:146)
at org.testng.internal.TestMethodWorker.invokeTestMethods(TestMethodWorker.java:146)
at org.testng.internal.TestMethodWorker.run(TestMethodWorker.java:128)
at java.base/java.util.ArrayList.forEach(ArrayList.java:1511)
at org.testng.TestRunner.privateRun(TestRunner.java:794)
at org.testng.TestRunner.run(TestRunner.java:596)
at org.testng.SuiteRunner.runTest(SuiteRunner.java:377)
at org.testng.SuiteRunner.runSequentially(SuiteRunner.java:371)
at org.testng.SuiteRunner.privateRun(SuiteRunner.java:332)
at org.testng.SuiteRunner.run(SuiteRunner.java:276)
at org.testng.SuiteRunnerWorker.runSuite(SuiteRunnerWorker.java:53)
at org.testng.SuiteRunnerWorker.run(SuiteRunnerWorker.java:96)
at org.testng.TestNG.runSuitesSequentially(TestNG.java:1212)
at org.testng.TestNG.runSuitesLocally(TestNG.java:1134)
at org.testng.TestNG.runSuites(TestNG.java:1063)
at org.testng.TestNG.run(TestNG.java:1031)
at org.apache.maven.surefire.testng.TestNGExecutor.run(TestNGExecutor.java:324)
at org.apache.maven.surefire.testng.TestNGXmlTestSuite.execute(TestNGXmlTestSuite.java:74)
at org.apache.maven.surefire.testng.TestNGProvider.invoke(TestNGProvider.java:123)
at org.apache.maven.surefire.booter.ForkedBooter.runSuitesInProcess(ForkedBooter.java:456)
at org.apache.maven.surefire.booter.ForkedBooter.execute(ForkedBooter.java:169)
at org.apache.maven.surefire.booter.ForkedBooter.run(ForkedBooter.java:595)
at org.apache.maven.surefire.booter.ForkedBooter.main(ForkedBooter.java:581)
]]>
            </full-stacktrace>
          </exception> <!-- org.openqa.selenium.support.ui.UnexpectedTagNameException -->
          <reporter-output>
          </reporter-output>
        </test-method> <!-- generalTest -->
      </class> <!-- com.project.test.Test_oraganiztion_001 -->
    </test> <!-- Test 2 -->
  </suite> <!-- Suite -->
</testng-results>
