<?xml version="1.0" encoding="UTF-8"?>
<testng-results ignored="2" total="5" passed="2" failed="1" skipped="0">
  <reporter-output>
  </reporter-output>
  <suite started-at="2022-08-31T15:04:15 IST" name="Suite" finished-at="2022-08-31T15:04:34 IST" duration-ms="18396">
    <groups>
    </groups>
    <test started-at="2022-08-31T15:04:15 IST" name="Test 2" finished-at="2022-08-31T15:04:34 IST" duration-ms="18396">
      <class name="com.project.test.Test_login_001">
        <test-method is-config="true" signature="setup(java.lang.String)[pri:0, instance:com.project.test.Test_login_001@7f3b84b8]" started-at="2022-08-31T15:04:15 IST" name="setup" finished-at="2022-08-31T15:04:21 IST" duration-ms="5754" status="PASS">
          <params>
            <param index="0">
              <value>
                <![CDATA[chrome]]>
              </value>
            </param>
          </params>
          <reporter-output>
          </reporter-output>
        </test-method> <!-- setup -->
        <test-method signature="logitest()[pri:0, instance:com.project.test.Test_login_001@7f3b84b8]" started-at="2022-08-31T15:04:21 IST" name="logitest" finished-at="2022-08-31T15:04:26 IST" duration-ms="4614" status="PASS">
          <reporter-output>
          </reporter-output>
        </test-method> <!-- logitest -->
        <test-method is-config="true" signature="teardown()[pri:0, instance:com.project.test.Test_login_001@7f3b84b8]" started-at="2022-08-31T15:04:29 IST" name="teardown" finished-at="2022-08-31T15:04:34 IST" duration-ms="5018" status="PASS">
          <reporter-output>
          </reporter-output>
        </test-method> <!-- teardown -->
      </class> <!-- com.project.test.Test_login_001 -->
      <class name="com.project.test.Test_commonpage_001">
        <test-method signature="commontest()[pri:0, instance:com.project.test.Test_commonpage_001@4ec4f3a0]" started-at="2022-08-31T15:04:26 IST" name="commontest" finished-at="2022-08-31T15:04:27 IST" duration-ms="1019" status="PASS">
          <reporter-output>
          </reporter-output>
        </test-method> <!-- commontest -->
      </class> <!-- com.project.test.Test_commonpage_001 -->
      <class name="com.project.test.Test_oraganiztion_001">
        <test-method signature="generalTest()[pri:0, instance:com.project.test.Test_oraganiztion_001@223191a6]" started-at="2022-08-31T15:04:27 IST" name="generalTest" finished-at="2022-08-31T15:04:29 IST" duration-ms="1761" status="FAIL">
          <exception class="org.openqa.selenium.support.ui.UnexpectedTagNameException">
            <message>
              <![CDATA[Element should have been "select" but was "div"
Build info: version: '4.2.1', revision: 'ac4d0fdd4a'
System info: host: 'DESKTOP-E3FNQHB', ip: '192.168.1.9', os.name: 'Windows 11', os.arch: 'amd64', os.version: '10.0', java.version: '17.0.3.1'
Driver info: driver.version: unknown]]>
            </message>
            <full-stacktrace>
              <![CDATA[org.openqa.selenium.support.ui.UnexpectedTagNameException: Element should have been "select" but was "div"
Build info: version: '4.2.1', revision: 'ac4d0fdd4a'
System info: host: 'DESKTOP-E3FNQHB', ip: '192.168.1.9', os.name: 'Windows 11', os.arch: 'amd64', os.version: '10.0', java.version: '17.0.3.1'
Driver info: driver.version: unknown
at org.openqa.selenium.support.ui.Select.<init>(Select.java:49)
at com.project.page.Oraganiztion.country(Oraganiztion.java:80)
at com.project.test.Test_oraganiztion_001.generalTest(Test_oraganiztion_001.java:22)
at java.base/jdk.internal.reflect.NativeMethodAccessorImpl.invoke0(Native Method)
at java.base/jdk.internal.reflect.NativeMethodAccessorImpl.invoke(NativeMethodAccessorImpl.java:77)
at java.base/jdk.internal.reflect.DelegatingMethodAccessorImpl.invoke(DelegatingMethodAccessorImpl.java:43)
at java.base/java.lang.reflect.Method.invoke(Method.java:568)
at org.testng.internal.MethodInvocationHelper.invokeMethod(MethodInvocationHelper.java:133)
at org.testng.internal.TestInvoker.invokeMethod(TestInvoker.java:598)
at org.testng.internal.TestInvoker.invokeTestMethod(TestInvoker.java:173)
at org.testng.internal.MethodRunner.runInSequence(MethodRunner.java:46)
at org.testng.internal.TestInvoker$MethodInvocationAgent.invoke(TestInvoker.java:824)
at org.testng.internal.TestInvoker.invokeTestMethods(TestInvoker.java:146)
at org.testng.internal.TestMethodWorker.invokeTestMethods(TestMethodWorker.java:146)
at org.testng.internal.TestMethodWorker.run(TestMethodWorker.java:128)
at java.base/java.util.ArrayList.forEach(ArrayList.java:1511)
at org.testng.TestRunner.privateRun(TestRunner.java:794)
at org.testng.TestRunner.run(TestRunner.java:596)
at org.testng.SuiteRunner.runTest(SuiteRunner.java:377)
at org.testng.SuiteRunner.runSequentially(SuiteRunner.java:371)
at org.testng.SuiteRunner.privateRun(SuiteRunner.java:332)
at org.testng.SuiteRunner.run(SuiteRunner.java:276)
at org.testng.SuiteRunnerWorker.runSuite(SuiteRunnerWorker.java:53)
at org.testng.SuiteRunnerWorker.run(SuiteRunnerWorker.java:96)
at org.testng.TestNG.runSuitesSequentially(TestNG.java:1212)
at org.testng.TestNG.runSuitesLocally(TestNG.java:1134)
at org.testng.TestNG.runSuites(TestNG.java:1063)
at org.testng.TestNG.run(TestNG.java:1031)
at org.testng.remote.AbstractRemoteTestNG.run(AbstractRemoteTestNG.java:115)
at org.testng.remote.RemoteTestNG.initAndRun(RemoteTestNG.java:251)
at org.testng.remote.RemoteTestNG.main(RemoteTestNG.java:77)
]]>
            </full-stacktrace>
          </exception> <!-- org.openqa.selenium.support.ui.UnexpectedTagNameException -->
          <reporter-output>
          </reporter-output>
        </test-method> <!-- generalTest -->
      </class> <!-- com.project.test.Test_oraganiztion_001 -->
    </test> <!-- Test 2 -->
  </suite> <!-- Suite -->
</testng-results>
